

Started GET "/" for ::1 at 2017-02-08 21:47:56 -0600

Gem::LoadError (Specified 'sqlite3' for database adapter, but the gem is not loaded. Add `gem 'sqlite3'` to your Gemfile (and ensure its version is at the minimum required by ActiveRecord).):
  activerecord (4.2.5.1) lib/active_record/connection_adapters/connection_specification.rb:177:in `rescue in spec'
  activerecord (4.2.5.1) lib/active_record/connection_adapters/connection_specification.rb:174:in `spec'
  activerecord (4.2.5.1) lib/active_record/connection_handling.rb:50:in `establish_connection'
  activerecord (4.2.5.1) lib/active_record/railtie.rb:120:in `block (2 levels) in <class:Railtie>'
  activesupport (4.2.5.1) lib/active_support/lazy_load_hooks.rb:38:in `instance_eval'
  activesupport (4.2.5.1) lib/active_support/lazy_load_hooks.rb:38:in `execute_hook'
  activesupport (4.2.5.1) lib/active_support/lazy_load_hooks.rb:45:in `block in run_load_hooks'
  activesupport (4.2.5.1) lib/active_support/lazy_load_hooks.rb:44:in `each'
  activesupport (4.2.5.1) lib/active_support/lazy_load_hooks.rb:44:in `run_load_hooks'
  activerecord (4.2.5.1) lib/active_record/base.rb:315:in `<module:ActiveRecord>'
  activerecord (4.2.5.1) lib/active_record/base.rb:26:in `<top (required)>'
  activerecord (4.2.5.1) lib/active_record/migration.rb:383:in `connection'
  activerecord (4.2.5.1) lib/active_record/migration.rb:370:in `call'
  actionpack (4.2.5.1) lib/action_dispatch/middleware/callbacks.rb:29:in `block in call'
  activesupport (4.2.5.1) lib/active_support/callbacks.rb:88:in `__run_callbacks__'
  activesupport (4.2.5.1) lib/active_support/callbacks.rb:778:in `_run_call_callbacks'
  activesupport (4.2.5.1) lib/active_support/callbacks.rb:81:in `run_callbacks'
  actionpack (4.2.5.1) lib/action_dispatch/middleware/callbacks.rb:27:in `call'
  actionpack (4.2.5.1) lib/action_dispatch/middleware/reloader.rb:73:in `call'
  actionpack (4.2.5.1) lib/action_dispatch/middleware/remote_ip.rb:78:in `call'
  actionpack (4.2.5.1) lib/action_dispatch/middleware/debug_exceptions.rb:17:in `call'
  web-console (2.3.0) lib/web_console/middleware.rb:28:in `block in call'
  web-console (2.3.0) lib/web_console/middleware.rb:18:in `catch'
  web-console (2.3.0) lib/web_console/middleware.rb:18:in `call'
  actionpack (4.2.5.1) lib/action_dispatch/middleware/show_exceptions.rb:30:in `call'
  railties (4.2.5.1) lib/rails/rack/logger.rb:38:in `call_app'
  railties (4.2.5.1) lib/rails/rack/logger.rb:20:in `block in call'
  activesupport (4.2.5.1) lib/active_support/tagged_logging.rb:68:in `block in tagged'
  activesupport (4.2.5.1) lib/active_support/tagged_logging.rb:26:in `tagged'
  activesupport (4.2.5.1) lib/active_support/tagged_logging.rb:68:in `tagged'
  railties (4.2.5.1) lib/rails/rack/logger.rb:20:in `call'
  actionpack (4.2.5.1) lib/action_dispatch/middleware/request_id.rb:21:in `call'
  rack (1.6.5) lib/rack/methodoverride.rb:22:in `call'
  rack (1.6.5) lib/rack/runtime.rb:18:in `call'
  activesupport (4.2.5.1) lib/active_support/cache/strategy/local_cache_middleware.rb:28:in `call'
  rack (1.6.5) lib/rack/lock.rb:17:in `call'
  actionpack (4.2.5.1) lib/action_dispatch/middleware/static.rb:116:in `call'
  rack (1.6.5) lib/rack/sendfile.rb:113:in `call'
  railties (4.2.5.1) lib/rails/engine.rb:518:in `call'
  railties (4.2.5.1) lib/rails/application.rb:165:in `call'
  rack (1.6.5) lib/rack/lock.rb:17:in `call'
  rack (1.6.5) lib/rack/content_length.rb:15:in `call'
  rack (1.6.5) lib/rack/handler/webrick.rb:88:in `service'
  c:/RailsInstaller/Ruby2.2.0/lib/ruby/2.2.0/webrick/httpserver.rb:138:in `service'
  c:/RailsInstaller/Ruby2.2.0/lib/ruby/2.2.0/webrick/httpserver.rb:94:in `run'
  c:/RailsInstaller/Ruby2.2.0/lib/ruby/2.2.0/webrick/server.rb:294:in `block in start_thread'


  Rendered c:/RailsInstaller/Ruby2.2.0/lib/ruby/gems/2.2.0/gems/actionpack-4.2.5.1/lib/action_dispatch/middleware/templates/rescues/_source.erb (1.5ms)
  Rendered c:/RailsInstaller/Ruby2.2.0/lib/ruby/gems/2.2.0/gems/actionpack-4.2.5.1/lib/action_dispatch/middleware/templates/rescues/_trace.html.erb (3.0ms)
  Rendered c:/RailsInstaller/Ruby2.2.0/lib/ruby/gems/2.2.0/gems/actionpack-4.2.5.1/lib/action_dispatch/middleware/templates/rescues/_request_and_response.html.erb (1.0ms)
  Rendered c:/RailsInstaller/Ruby2.2.0/lib/ruby/gems/2.2.0/gems/actionpack-4.2.5.1/lib/action_dispatch/middleware/templates/rescues/diagnostics.html.erb within rescues/layout (1577.1ms)
  Rendered c:/RailsInstaller/Ruby2.2.0/lib/ruby/gems/2.2.0/gems/web-console-2.3.0/lib/web_console/templates/_markup.html.erb (0.5ms)
  Rendered c:/RailsInstaller/Ruby2.2.0/lib/ruby/gems/2.2.0/gems/web-console-2.3.0/lib/web_console/templates/_inner_console_markup.html.erb within layouts/inlined_string (0.5ms)
  Rendered c:/RailsInstaller/Ruby2.2.0/lib/ruby/gems/2.2.0/gems/web-console-2.3.0/lib/web_console/templates/_prompt_box_markup.html.erb within layouts/inlined_string (0.5ms)
  Rendered c:/RailsInstaller/Ruby2.2.0/lib/ruby/gems/2.2.0/gems/web-console-2.3.0/lib/web_console/templates/style.css.erb within layouts/inlined_string (0.5ms)
  Rendered c:/RailsInstaller/Ruby2.2.0/lib/ruby/gems/2.2.0/gems/web-console-2.3.0/lib/web_console/templates/console.js.erb within layouts/javascript (1248.5ms)
  Rendered c:/RailsInstaller/Ruby2.2.0/lib/ruby/gems/2.2.0/gems/web-console-2.3.0/lib/web_console/templates/main.js.erb within layouts/javascript (0.5ms)
  Rendered c:/RailsInstaller/Ruby2.2.0/lib/ruby/gems/2.2.0/gems/web-console-2.3.0/lib/web_console/templates/error_page.js.erb within layouts/javascript (0.5ms)
  Rendered c:/RailsInstaller/Ruby2.2.0/lib/ruby/gems/2.2.0/gems/web-console-2.3.0/lib/web_console/templates/index.html.erb (2787.8ms)


Started GET "/" for ::1 at 2017-02-08 21:50:29 -0600
Processing by Rails::WelcomeController#index as HTML
  Rendered c:/RailsInstaller/Ruby2.2.0/lib/ruby/gems/2.2.0/gems/railties-4.2.5.1/lib/rails/templates/rails/welcome/index.html.erb (4.0ms)
Completed 200 OK in 162ms (Views: 115.5ms | ActiveRecord: 0.0ms)


Started GET "/rails/info/properties" for ::1 at 2017-02-08 21:51:11 -0600
Processing by Rails::InfoController#properties as */*
  Rendered c:/RailsInstaller/Ruby2.2.0/lib/ruby/gems/2.2.0/gems/railties-4.2.5.1/lib/rails/templates/rails/info/properties.html.erb (0.0ms)
Completed 200 OK in 1209ms (Views: 768.1ms | ActiveRecord: 3.0ms)


Started GET "/about" for ::1 at 2017-02-08 22:03:14 -0600

ActionController::RoutingError (No route matches [GET] "/about"):
  actionpack (4.2.5.1) lib/action_dispatch/middleware/debug_exceptions.rb:21:in `call'
  web-console (2.3.0) lib/web_console/middleware.rb:28:in `block in call'
  web-console (2.3.0) lib/web_console/middleware.rb:18:in `catch'
  web-console (2.3.0) lib/web_console/middleware.rb:18:in `call'
  actionpack (4.2.5.1) lib/action_dispatch/middleware/show_exceptions.rb:30:in `call'
  railties (4.2.5.1) lib/rails/rack/logger.rb:38:in `call_app'
  railties (4.2.5.1) lib/rails/rack/logger.rb:20:in `block in call'
  activesupport (4.2.5.1) lib/active_support/tagged_logging.rb:68:in `block in tagged'
  activesupport (4.2.5.1) lib/active_support/tagged_logging.rb:26:in `tagged'
  activesupport (4.2.5.1) lib/active_support/tagged_logging.rb:68:in `tagged'
  railties (4.2.5.1) lib/rails/rack/logger.rb:20:in `call'
  actionpack (4.2.5.1) lib/action_dispatch/middleware/request_id.rb:21:in `call'
  rack (1.6.5) lib/rack/methodoverride.rb:22:in `call'
  rack (1.6.5) lib/rack/runtime.rb:18:in `call'
  activesupport (4.2.5.1) lib/active_support/cache/strategy/local_cache_middleware.rb:28:in `call'
  rack (1.6.5) lib/rack/lock.rb:17:in `call'
  actionpack (4.2.5.1) lib/action_dispatch/middleware/static.rb:116:in `call'
  rack (1.6.5) lib/rack/sendfile.rb:113:in `call'
  railties (4.2.5.1) lib/rails/engine.rb:518:in `call'
  railties (4.2.5.1) lib/rails/application.rb:165:in `call'
  rack (1.6.5) lib/rack/lock.rb:17:in `call'
  rack (1.6.5) lib/rack/content_length.rb:15:in `call'
  rack (1.6.5) lib/rack/handler/webrick.rb:88:in `service'
  c:/RailsInstaller/Ruby2.2.0/lib/ruby/2.2.0/webrick/httpserver.rb:138:in `service'
  c:/RailsInstaller/Ruby2.2.0/lib/ruby/2.2.0/webrick/httpserver.rb:94:in `run'
  c:/RailsInstaller/Ruby2.2.0/lib/ruby/2.2.0/webrick/server.rb:294:in `block in start_thread'


  Rendered c:/RailsInstaller/Ruby2.2.0/lib/ruby/gems/2.2.0/gems/actionpack-4.2.5.1/lib/action_dispatch/middleware/templates/rescues/_trace.html.erb (2.0ms)
  Rendered c:/RailsInstaller/Ruby2.2.0/lib/ruby/gems/2.2.0/gems/actionpack-4.2.5.1/lib/action_dispatch/middleware/templates/routes/_route.html.erb (0.5ms)
  Rendered c:/RailsInstaller/Ruby2.2.0/lib/ruby/gems/2.2.0/gems/actionpack-4.2.5.1/lib/action_dispatch/middleware/templates/routes/_table.html.erb (140.9ms)
  Rendered c:/RailsInstaller/Ruby2.2.0/lib/ruby/gems/2.2.0/gems/actionpack-4.2.5.1/lib/action_dispatch/middleware/templates/rescues/_request_and_response.html.erb (1.0ms)
  Rendered c:/RailsInstaller/Ruby2.2.0/lib/ruby/gems/2.2.0/gems/actionpack-4.2.5.1/lib/action_dispatch/middleware/templates/rescues/routing_error.html.erb within rescues/layout (1930.7ms)
  Rendered c:/RailsInstaller/Ruby2.2.0/lib/ruby/gems/2.2.0/gems/web-console-2.3.0/lib/web_console/templates/_markup.html.erb (0.5ms)
  Rendered c:/RailsInstaller/Ruby2.2.0/lib/ruby/gems/2.2.0/gems/web-console-2.3.0/lib/web_console/templates/_inner_console_markup.html.erb within layouts/inlined_string (0.5ms)
  Rendered c:/RailsInstaller/Ruby2.2.0/lib/ruby/gems/2.2.0/gems/web-console-2.3.0/lib/web_console/templates/_prompt_box_markup.html.erb within layouts/inlined_string (0.5ms)
  Rendered c:/RailsInstaller/Ruby2.2.0/lib/ruby/gems/2.2.0/gems/web-console-2.3.0/lib/web_console/templates/style.css.erb within layouts/inlined_string (0.5ms)
  Rendered c:/RailsInstaller/Ruby2.2.0/lib/ruby/gems/2.2.0/gems/web-console-2.3.0/lib/web_console/templates/console.js.erb within layouts/javascript (1212.8ms)
  Rendered c:/RailsInstaller/Ruby2.2.0/lib/ruby/gems/2.2.0/gems/web-console-2.3.0/lib/web_console/templates/main.js.erb within layouts/javascript (0.5ms)
  Rendered c:/RailsInstaller/Ruby2.2.0/lib/ruby/gems/2.2.0/gems/web-console-2.3.0/lib/web_console/templates/error_page.js.erb within layouts/javascript (0.5ms)
  Rendered c:/RailsInstaller/Ruby2.2.0/lib/ruby/gems/2.2.0/gems/web-console-2.3.0/lib/web_console/templates/index.html.erb (2700.0ms)


Started GET "/about/index" for ::1 at 2017-02-08 22:03:35 -0600
Processing by AboutController#index as HTML
  Rendered about/index.html.erb within layouts/application (0.0ms)
Completed 200 OK in 2260ms (Views: 2259.4ms | ActiveRecord: 0.0ms)


Started GET "/assets/jquery.self-bd7ddd393353a8d2480a622e80342adf488fb6006d667e8b42e4c0073393abee.js?body=1" for ::1 at 2017-02-08 22:03:37 -0600


Started GET "/assets/turbolinks.self-c5acd7a204f5f25ce7a1d8a0e4d92e28d34c9e2df2c7371cd7af88e147e4ad82.js?body=1" for ::1 at 2017-02-08 22:03:37 -0600


Started GET "/assets/jquery_ujs.self-784a997f6726036b1993eb2217c9cb558e1cbb801c6da88105588c56f13b466a.js?body=1" for ::1 at 2017-02-08 22:03:37 -0600


Started GET "/assets/about.self-e3b0c44298fc1c149afbf4c8996fb92427ae41e4649b934ca495991b7852b855.css?body=1" for ::1 at 2017-02-08 22:03:37 -0600


Started GET "/assets/application.self-e80e8f2318043e8af94dddc2adad5a4f09739a8ebb323b3ab31cd71d45fd9113.css?body=1" for ::1 at 2017-02-08 22:03:37 -0600


Started GET "/assets/about.self-877aef30ae1b040ab8a3aba4e3e309a11d7f2612f44dde450b5c157aa5f95c05.js?body=1" for ::1 at 2017-02-08 22:03:37 -0600


Started GET "/assets/application.self-3b8dabdc891efe46b9a144b400ad69e37d7e5876bdc39dee783419a69d7ca819.js?body=1" for ::1 at 2017-02-08 22:03:37 -0600


Started GET "/about/index" for ::1 at 2017-02-08 22:04:18 -0600
Processing by AboutController#index as HTML
  Rendered about/index.html.erb within layouts/application (1.5ms)
Completed 200 OK in 147ms (Views: 146.2ms | ActiveRecord: 0.0ms)


Started GET "/about/index" for ::1 at 2017-02-08 22:05:08 -0600
Processing by AboutController#index as HTML
  Rendered about/index.html.erb within layouts/application (0.5ms)
Completed 200 OK in 129ms (Views: 128.3ms | ActiveRecord: 0.0ms)


Started GET "/about/index" for ::1 at 2017-02-08 22:07:17 -0600
Processing by AboutController#index as HTML
  Rendered about/index.html.erb within layouts/application (1.5ms)
Completed 200 OK in 119ms (Views: 118.7ms | ActiveRecord: 0.0ms)


Started GET "/" for ::1 at 2017-02-08 22:14:40 -0600
Processing by BooksController#index as HTML
  Rendered books/index.html.erb within layouts/application (0.5ms)
Completed 200 OK in 584ms (Views: 583.6ms | ActiveRecord: 0.0ms)


Started GET "/assets/authors.self-e3b0c44298fc1c149afbf4c8996fb92427ae41e4649b934ca495991b7852b855.css?body=1" for ::1 at 2017-02-08 22:14:41 -0600


Started GET "/assets/authors.self-877aef30ae1b040ab8a3aba4e3e309a11d7f2612f44dde450b5c157aa5f95c05.js?body=1" for ::1 at 2017-02-08 22:14:41 -0600


Started GET "/assets/publishers.self-e3b0c44298fc1c149afbf4c8996fb92427ae41e4649b934ca495991b7852b855.css?body=1" for ::1 at 2017-02-08 22:14:41 -0600


Started GET "/assets/categories.self-e3b0c44298fc1c149afbf4c8996fb92427ae41e4649b934ca495991b7852b855.css?body=1" for ::1 at 2017-02-08 22:14:41 -0600


Started GET "/assets/books.self-e3b0c44298fc1c149afbf4c8996fb92427ae41e4649b934ca495991b7852b855.css?body=1" for ::1 at 2017-02-08 22:14:41 -0600


Started GET "/assets/books.self-877aef30ae1b040ab8a3aba4e3e309a11d7f2612f44dde450b5c157aa5f95c05.js?body=1" for ::1 at 2017-02-08 22:14:41 -0600


Started GET "/assets/categories.self-877aef30ae1b040ab8a3aba4e3e309a11d7f2612f44dde450b5c157aa5f95c05.js?body=1" for ::1 at 2017-02-08 22:14:41 -0600


Started GET "/assets/publishers.self-877aef30ae1b040ab8a3aba4e3e309a11d7f2612f44dde450b5c157aa5f95c05.js?body=1" for ::1 at 2017-02-08 22:14:41 -0600


Started GET "/" for ::1 at 2017-02-08 22:19:40 -0600
Processing by BooksController#index as HTML
  Rendered books/index.html.erb within layouts/application (0.0ms)
Completed 200 OK in 392ms (Views: 391.1ms | ActiveRecord: 0.0ms)


Started GET "/assets/bootstrap.min.self-504d59678f10d79a661b6cecdce5b8c1d5bfd98e860614584c0a40399552d61f.js?body=1" for ::1 at 2017-02-08 22:19:41 -0600


Started GET "/assets/bootstrap.min.self-511807f34f490c5d04f397a2ad4fc4a9135fcb5300f3dd5cb88f1cf678357cf3.css?body=1" for ::1 at 2017-02-08 22:19:41 -0600


Started GET "/" for ::1 at 2017-02-08 22:21:14 -0600
Processing by BooksController#index as HTML
  Rendered books/index.html.erb within layouts/application (0.0ms)
Completed 200 OK in 111ms (Views: 109.7ms | ActiveRecord: 0.0ms)


Started GET "/" for ::1 at 2017-02-08 22:21:54 -0600
Processing by BooksController#index as HTML
  Rendered books/index.html.erb within layouts/application (0.5ms)
Completed 200 OK in 207ms (Views: 206.5ms | ActiveRecord: 0.0ms)


Started GET "/assets/application.self-f6381dc0f933187eb1b928fa162a7ba711ab5120c0d87824ca1a1d01cd2000f9.css?body=1" for ::1 at 2017-02-08 22:21:54 -0600


Started GET "/" for ::1 at 2017-02-08 22:24:02 -0600
Processing by BooksController#index as HTML
  Rendered books/index.html.erb within layouts/application (0.5ms)
Completed 200 OK in 110ms (Views: 109.8ms | ActiveRecord: 0.0ms)


Started GET "/" for ::1 at 2017-02-08 22:24:04 -0600
Processing by BooksController#index as HTML
  Rendered books/index.html.erb within layouts/application (0.4ms)
Completed 200 OK in 100ms (Views: 99.0ms | ActiveRecord: 0.0ms)


Started GET "/" for ::1 at 2017-02-08 22:24:05 -0600
Processing by BooksController#index as HTML
  Rendered books/index.html.erb within layouts/application (0.0ms)
Completed 200 OK in 99ms (Views: 99.3ms | ActiveRecord: 0.0ms)


Started GET "/" for ::1 at 2017-02-08 22:26:10 -0600
Processing by BooksController#index as HTML
  Rendered books/index.html.erb within layouts/application (0.0ms)
Completed 200 OK in 108ms (Views: 106.6ms | ActiveRecord: 0.0ms)


Started GET "/about" for ::1 at 2017-02-08 22:26:11 -0600
Processing by AboutController#index as HTML
  Rendered about/index.html.erb within layouts/application (0.0ms)
Completed 200 OK in 97ms (Views: 97.0ms | ActiveRecord: 0.0ms)


Started GET "/" for ::1 at 2017-02-08 22:26:14 -0600
Processing by BooksController#index as HTML
  Rendered books/index.html.erb within layouts/application (0.0ms)
Completed 200 OK in 94ms (Views: 98.7ms | ActiveRecord: 0.0ms)


Started GET "/about" for ::1 at 2017-02-08 22:26:15 -0600
Processing by AboutController#index as HTML
  Rendered about/index.html.erb within layouts/application (0.0ms)
Completed 200 OK in 91ms (Views: 98.6ms | ActiveRecord: 0.0ms)


Started GET "/" for ::1 at 2017-02-08 22:26:16 -0600
Processing by BooksController#index as HTML
  Rendered books/index.html.erb within layouts/application (0.0ms)
Completed 200 OK in 86ms (Views: 94.5ms | ActiveRecord: 0.0ms)


Started GET "/" for ::1 at 2017-02-08 22:29:45 -0600
Processing by BooksController#index as HTML
  Rendered books/index.html.erb within layouts/application (0.0ms)
Completed 200 OK in 140ms (Views: 139.7ms | ActiveRecord: 0.0ms)


Started GET "/books/new" for ::1 at 2017-02-08 22:29:48 -0600
Processing by BooksController#new as HTML
  Rendered books/new.html.erb within layouts/application (0.5ms)
Completed 200 OK in 112ms (Views: 110.9ms | ActiveRecord: 0.0ms)


Started GET "/categories/new" for ::1 at 2017-02-08 22:29:50 -0600
Processing by CategoriesController#new as HTML
  Rendered categories/new.html.erb within layouts/application (0.0ms)
Completed 200 OK in 107ms (Views: 107.0ms | ActiveRecord: 0.0ms)


Started GET "/authors/new" for ::1 at 2017-02-08 22:29:52 -0600
Processing by AuthorsController#new as HTML
  Rendered authors/new.html.erb within layouts/application (0.5ms)
Completed 200 OK in 111ms (Views: 110.2ms | ActiveRecord: 0.0ms)


Started GET "/publishers/new" for ::1 at 2017-02-08 22:29:53 -0600
Processing by PublishersController#new as HTML
  Rendered publishers/new.html.erb within layouts/application (0.5ms)
Completed 200 OK in 104ms (Views: 103.0ms | ActiveRecord: 0.0ms)


Started GET "/" for ::1 at 2017-02-08 22:29:54 -0600
Processing by BooksController#index as HTML
  Rendered books/index.html.erb within layouts/application (0.5ms)
Completed 200 OK in 111ms (Views: 110.5ms | ActiveRecord: 0.0ms)


Started GET "/" for ::1 at 2017-02-08 22:30:26 -0600
Processing by BooksController#index as HTML
  Rendered books/index.html.erb within layouts/application (0.0ms)
Completed 200 OK in 117ms (Views: 115.9ms | ActiveRecord: 0.0ms)


Started GET "/" for ::1 at 2017-02-08 22:31:04 -0600
Processing by BooksController#index as HTML
  Rendered books/index.html.erb within layouts/application (0.0ms)
Completed 200 OK in 121ms (Views: 119.7ms | ActiveRecord: 0.0ms)


Started GET "/" for ::1 at 2017-02-08 22:32:12 -0600
Processing by BooksController#index as HTML
  Rendered books/index.html.erb within layouts/application (0.0ms)
Completed 200 OK in 108ms (Views: 107.8ms | ActiveRecord: 0.0ms)


Started GET "/" for ::1 at 2017-02-08 22:32:13 -0600
Processing by BooksController#index as HTML
  Rendered books/index.html.erb within layouts/application (0.0ms)
Completed 200 OK in 109ms (Views: 109.2ms | ActiveRecord: 0.0ms)


Started GET "/" for ::1 at 2017-02-08 22:32:27 -0600
Processing by BooksController#index as HTML
  Rendered books/index.html.erb within layouts/application (0.0ms)
Completed 200 OK in 107ms (Views: 106.4ms | ActiveRecord: 0.0ms)


Started GET "/" for ::1 at 2017-02-08 22:32:28 -0600
Processing by BooksController#index as HTML
  Rendered books/index.html.erb within layouts/application (0.0ms)
Completed 200 OK in 115ms (Views: 115.1ms | ActiveRecord: 0.0ms)


Started GET "/" for ::1 at 2017-02-08 22:36:17 -0600
Processing by BooksController#index as HTML
  Rendered books/index.html.erb within layouts/application (0.0ms)
Completed 200 OK in 114ms (Views: 113.3ms | ActiveRecord: 0.0ms)


Started GET "/" for ::1 at 2017-02-08 22:36:36 -0600
Processing by BooksController#index as HTML
  Rendered books/index.html.erb within layouts/application (0.0ms)
Completed 200 OK in 119ms (Views: 118.1ms | ActiveRecord: 0.0ms)


Started GET "/" for ::1 at 2017-02-08 22:41:31 -0600
Processing by BooksController#index as HTML
  Rendered books/index.html.erb within layouts/application (0.0ms)
Completed 200 OK in 111ms (Views: 110.8ms | ActiveRecord: 0.0ms)


Started GET "/about" for ::1 at 2017-02-08 22:41:35 -0600
Processing by AboutController#index as HTML
  Rendered about/index.html.erb within layouts/application (0.0ms)
Completed 200 OK in 102ms (Views: 101.1ms | ActiveRecord: 0.0ms)


Started GET "/" for ::1 at 2017-02-08 22:41:46 -0600
Processing by BooksController#index as HTML
  Rendered books/index.html.erb within layouts/application (0.5ms)
Completed 200 OK in 113ms (Views: 112.4ms | ActiveRecord: 0.0ms)


Started GET "/" for ::1 at 2017-02-08 22:42:25 -0600
Processing by BooksController#index as HTML
  Rendered books/index.html.erb within layouts/application (0.0ms)
Completed 200 OK in 116ms (Views: 115.0ms | ActiveRecord: 0.0ms)


Started GET "/about" for ::1 at 2017-02-08 22:42:27 -0600
Processing by AboutController#index as HTML
  Rendered about/index.html.erb within layouts/application (0.0ms)
Completed 200 OK in 105ms (Views: 103.8ms | ActiveRecord: 0.0ms)


Started GET "/books/new" for ::1 at 2017-02-08 22:42:28 -0600
Processing by BooksController#new as HTML
  Rendered books/new.html.erb within layouts/application (0.0ms)
Completed 200 OK in 106ms (Views: 105.7ms | ActiveRecord: 0.0ms)


Started GET "/" for ::1 at 2017-02-08 22:42:30 -0600
Processing by BooksController#index as HTML
  Rendered books/index.html.erb within layouts/application (0.0ms)
Completed 200 OK in 105ms (Views: 103.9ms | ActiveRecord: 0.0ms)


Started GET "/" for ::1 at 2017-02-08 22:43:12 -0600
Processing by BooksController#index as HTML
  Rendered books/index.html.erb within layouts/application (0.5ms)
Completed 200 OK in 113ms (Views: 112.1ms | ActiveRecord: 0.0ms)


Started GET "/" for ::1 at 2017-02-08 22:45:00 -0600
Processing by BooksController#index as HTML
  Rendered books/index.html.erb within layouts/application (0.0ms)
Completed 200 OK in 102ms (Views: 100.9ms | ActiveRecord: 0.0ms)


Started GET "/about" for ::1 at 2017-02-08 22:45:02 -0600
Processing by AboutController#index as HTML
  Rendered about/index.html.erb within layouts/application (0.0ms)
Completed 200 OK in 77ms (Views: 90.1ms | ActiveRecord: 0.0ms)


Started GET "/" for ::1 at 2017-02-08 22:45:08 -0600
Processing by BooksController#index as HTML
  Rendered books/index.html.erb within layouts/application (0.0ms)
Completed 200 OK in 103ms (Views: 102.9ms | ActiveRecord: 0.0ms)


Started GET "/" for ::1 at 2017-02-08 22:46:17 -0600
Processing by BooksController#index as HTML
  Rendered books/index.html.erb within layouts/application (0.0ms)
Completed 200 OK in 114ms (Views: 113.3ms | ActiveRecord: 0.0ms)


Started GET "/" for ::1 at 2017-02-08 22:47:36 -0600
Processing by BooksController#index as HTML
  Rendered books/index.html.erb within layouts/application (0.0ms)
Completed 200 OK in 111ms (Views: 109.3ms | ActiveRecord: 0.0ms)


Started GET "/" for ::1 at 2017-02-08 22:49:11 -0600
Processing by BooksController#index as HTML
  Rendered books/index.html.erb within layouts/application (0.0ms)
  Rendered partials/_sidebar.html.erb (0.5ms)
Completed 200 OK in 138ms (Views: 137.2ms | ActiveRecord: 0.0ms)


Started GET "/" for ::1 at 2017-02-08 22:51:54 -0600
Processing by BooksController#index as HTML
  Rendered books/index.html.erb within layouts/application (0.5ms)
  Rendered partials/_sidebar.html.erb (0.0ms)
Completed 200 OK in 213ms (Views: 212.4ms | ActiveRecord: 0.0ms)


Started GET "/assets/application.self-88270e995a971637331008581297883ca0370371149731964a19371efe77fddf.css?body=1" for ::1 at 2017-02-08 22:51:54 -0600


Started GET "/" for ::1 at 2017-02-08 22:52:46 -0600
Processing by BooksController#index as HTML
  Rendered books/index.html.erb within layouts/application (0.0ms)
  Rendered partials/_sidebar.html.erb (0.5ms)
Completed 200 OK in 135ms (Views: 134.7ms | ActiveRecord: 0.0ms)


Started GET "/" for ::1 at 2017-02-08 22:53:56 -0600
Processing by BooksController#index as HTML
  Rendered books/index.html.erb within layouts/application (0.0ms)
  Rendered partials/_sidebar.html.erb (19.4ms)
Completed 500 Internal Server Error in 162ms (ActiveRecord: 0.0ms)

SyntaxError (c:/Users/conve/Documents/ruby-rails/bookstore/app/views/partials/_sidebar.html.erb:1: syntax error, unexpected ')', expecting keyword_then or ';' or '\n'
...rams[:controller] ==  'about' );@output_buffer.safe_append='
...                               ^
c:/Users/conve/Documents/ruby-rails/bookstore/app/views/partials/_sidebar.html.erb:12: syntax error, unexpected keyword_end
'.freeze;@output_buffer.append=( end );@output_buffer.safe_append='
                                    ^
c:/Users/conve/Documents/ruby-rails/bookstore/app/views/partials/_sidebar.html.erb:14: syntax error, unexpected keyword_ensure, expecting ')'
c:/Users/conve/Documents/ruby-rails/bookstore/app/views/partials/_sidebar.html.erb:16: syntax error, unexpected keyword_end, expecting ')'):
  app/views/partials/_sidebar.html.erb:1: syntax error, unexpected ')', expecting keyword_then or ';' or '\n'
  app/views/partials/_sidebar.html.erb:12: syntax error, unexpected keyword_end
  app/views/partials/_sidebar.html.erb:14: syntax error, unexpected keyword_ensure, expecting ')'
  app/views/partials/_sidebar.html.erb:16: syntax error, unexpected keyword_end, expecting ')'
  app/views/layouts/application.html.erb:57:in `_app_views_layouts_application_html_erb___912745927_73464528'


  Rendered c:/RailsInstaller/Ruby2.2.0/lib/ruby/gems/2.2.0/gems/actionpack-4.2.5.1/lib/action_dispatch/middleware/templates/rescues/_source.erb (4.5ms)
  Rendered c:/RailsInstaller/Ruby2.2.0/lib/ruby/gems/2.2.0/gems/actionpack-4.2.5.1/lib/action_dispatch/middleware/templates/rescues/_trace.html.erb (5.5ms)
  Rendered c:/RailsInstaller/Ruby2.2.0/lib/ruby/gems/2.2.0/gems/actionpack-4.2.5.1/lib/action_dispatch/middleware/templates/rescues/_request_and_response.html.erb (1.5ms)
  Rendered c:/RailsInstaller/Ruby2.2.0/lib/ruby/gems/2.2.0/gems/actionpack-4.2.5.1/lib/action_dispatch/middleware/templates/rescues/diagnostics.html.erb within rescues/layout (1277.7ms)
  Rendered c:/RailsInstaller/Ruby2.2.0/lib/ruby/gems/2.2.0/gems/web-console-2.3.0/lib/web_console/templates/_markup.html.erb (1.0ms)
  Rendered c:/RailsInstaller/Ruby2.2.0/lib/ruby/gems/2.2.0/gems/web-console-2.3.0/lib/web_console/templates/_inner_console_markup.html.erb within layouts/inlined_string (0.5ms)
  Rendered c:/RailsInstaller/Ruby2.2.0/lib/ruby/gems/2.2.0/gems/web-console-2.3.0/lib/web_console/templates/_prompt_box_markup.html.erb within layouts/inlined_string (0.5ms)
  Rendered c:/RailsInstaller/Ruby2.2.0/lib/ruby/gems/2.2.0/gems/web-console-2.3.0/lib/web_console/templates/style.css.erb within layouts/inlined_string (0.0ms)
  Rendered c:/RailsInstaller/Ruby2.2.0/lib/ruby/gems/2.2.0/gems/web-console-2.3.0/lib/web_console/templates/console.js.erb within layouts/javascript (1129.7ms)
  Rendered c:/RailsInstaller/Ruby2.2.0/lib/ruby/gems/2.2.0/gems/web-console-2.3.0/lib/web_console/templates/main.js.erb within layouts/javascript (1.0ms)
  Rendered c:/RailsInstaller/Ruby2.2.0/lib/ruby/gems/2.2.0/gems/web-console-2.3.0/lib/web_console/templates/error_page.js.erb within layouts/javascript (1.0ms)
  Rendered c:/RailsInstaller/Ruby2.2.0/lib/ruby/gems/2.2.0/gems/web-console-2.3.0/lib/web_console/templates/index.html.erb (2552.1ms)


Started GET "/" for ::1 at 2017-02-08 22:54:45 -0600
Processing by BooksController#index as HTML
  Rendered books/index.html.erb within layouts/application (0.5ms)
  Rendered partials/_sidebar.html.erb (1.5ms)
Completed 500 Internal Server Error in 140ms (ActiveRecord: 0.0ms)

SyntaxError (c:/Users/conve/Documents/ruby-rails/bookstore/app/views/partials/_sidebar.html.erb:1: syntax error, unexpected ')', expecting keyword_then or ';' or '\n'
...rams[:controller] ==  'about' );@output_buffer.safe_append='
...                               ^
c:/Users/conve/Documents/ruby-rails/bookstore/app/views/partials/_sidebar.html.erb:12: syntax error, unexpected keyword_end
'.freeze;@output_buffer.append=( end );@output_buffer.safe_append='
                                    ^
c:/Users/conve/Documents/ruby-rails/bookstore/app/views/partials/_sidebar.html.erb:14: syntax error, unexpected keyword_ensure, expecting ')'
c:/Users/conve/Documents/ruby-rails/bookstore/app/views/partials/_sidebar.html.erb:16: syntax error, unexpected keyword_end, expecting ')'):
  app/views/partials/_sidebar.html.erb:1: syntax error, unexpected ')', expecting keyword_then or ';' or '\n'
  app/views/partials/_sidebar.html.erb:12: syntax error, unexpected keyword_end
  app/views/partials/_sidebar.html.erb:14: syntax error, unexpected keyword_ensure, expecting ')'
  app/views/partials/_sidebar.html.erb:16: syntax error, unexpected keyword_end, expecting ')'
  app/views/layouts/application.html.erb:57:in `_app_views_layouts_application_html_erb___912745927_73464528'


  Rendered c:/RailsInstaller/Ruby2.2.0/lib/ruby/gems/2.2.0/gems/actionpack-4.2.5.1/lib/action_dispatch/middleware/templates/rescues/_source.erb (1.0ms)
  Rendered c:/RailsInstaller/Ruby2.2.0/lib/ruby/gems/2.2.0/gems/actionpack-4.2.5.1/lib/action_dispatch/middleware/templates/rescues/_trace.html.erb (5.0ms)
  Rendered c:/RailsInstaller/Ruby2.2.0/lib/ruby/gems/2.2.0/gems/actionpack-4.2.5.1/lib/action_dispatch/middleware/templates/rescues/_request_and_response.html.erb (1.5ms)
  Rendered c:/RailsInstaller/Ruby2.2.0/lib/ruby/gems/2.2.0/gems/actionpack-4.2.5.1/lib/action_dispatch/middleware/templates/rescues/diagnostics.html.erb within rescues/layout (1189.1ms)
  Rendered c:/RailsInstaller/Ruby2.2.0/lib/ruby/gems/2.2.0/gems/web-console-2.3.0/lib/web_console/templates/_markup.html.erb (0.5ms)
  Rendered c:/RailsInstaller/Ruby2.2.0/lib/ruby/gems/2.2.0/gems/web-console-2.3.0/lib/web_console/templates/_inner_console_markup.html.erb within layouts/inlined_string (0.5ms)
  Rendered c:/RailsInstaller/Ruby2.2.0/lib/ruby/gems/2.2.0/gems/web-console-2.3.0/lib/web_console/templates/_prompt_box_markup.html.erb within layouts/inlined_string (0.5ms)
  Rendered c:/RailsInstaller/Ruby2.2.0/lib/ruby/gems/2.2.0/gems/web-console-2.3.0/lib/web_console/templates/style.css.erb within layouts/inlined_string (0.5ms)
  Rendered c:/RailsInstaller/Ruby2.2.0/lib/ruby/gems/2.2.0/gems/web-console-2.3.0/lib/web_console/templates/console.js.erb within layouts/javascript (1081.0ms)
  Rendered c:/RailsInstaller/Ruby2.2.0/lib/ruby/gems/2.2.0/gems/web-console-2.3.0/lib/web_console/templates/main.js.erb within layouts/javascript (0.5ms)
  Rendered c:/RailsInstaller/Ruby2.2.0/lib/ruby/gems/2.2.0/gems/web-console-2.3.0/lib/web_console/templates/error_page.js.erb within layouts/javascript (0.5ms)
  Rendered c:/RailsInstaller/Ruby2.2.0/lib/ruby/gems/2.2.0/gems/web-console-2.3.0/lib/web_console/templates/index.html.erb (2484.7ms)


Started GET "/" for ::1 at 2017-02-08 22:55:13 -0600
Processing by BooksController#index as HTML
  Rendered books/index.html.erb within layouts/application (0.0ms)
  Rendered partials/_sidebar.html.erb (0.5ms)
Completed 200 OK in 136ms (Views: 135.4ms | ActiveRecord: 0.0ms)


Started GET "/about" for ::1 at 2017-02-08 22:55:15 -0600
Processing by AboutController#index as HTML
  Rendered about/index.html.erb within layouts/application (0.5ms)
  Rendered partials/_sidebar.html.erb (0.5ms)
Completed 200 OK in 124ms (Views: 124.1ms | ActiveRecord: 0.0ms)


Started GET "/" for ::1 at 2017-02-08 22:55:17 -0600
Processing by BooksController#index as HTML
  Rendered books/index.html.erb within layouts/application (0.0ms)
  Rendered partials/_sidebar.html.erb (0.0ms)
Completed 200 OK in 129ms (Views: 128.0ms | ActiveRecord: 0.0ms)


Started GET "/" for ::1 at 2017-02-08 22:56:26 -0600
Processing by BooksController#index as HTML
  Rendered books/index.html.erb within layouts/application (0.0ms)
  Rendered partials/_sidebar.html.erb (0.0ms)
Completed 200 OK in 218ms (Views: 217.2ms | ActiveRecord: 0.0ms)


Started GET "/assets/application.self-9a2b4de53015d19f107b53ebaf7e1bb37dd33430c61f4c029c78aea983d2549b.css?body=1" for ::1 at 2017-02-08 22:56:27 -0600


Started GET "/" for ::1 at 2017-02-08 23:01:59 -0600
Processing by BooksController#index as HTML
  Rendered books/index.html.erb within layouts/application (438.6ms)
  Rendered partials/_sidebar.html.erb (0.0ms)
Completed 200 OK in 662ms (Views: 660.9ms | ActiveRecord: 0.0ms)


Started GET "/assets/cover1-2c40294709aad9d6fb256447d85e9dee84f2e4955cb48a35d750e091738417a1.jpg" for ::1 at 2017-02-08 23:01:59 -0600


Started GET "/" for ::1 at 2017-02-08 23:02:49 -0600
Processing by BooksController#index as HTML
  Rendered books/index.html.erb within layouts/application (1.5ms)
Completed 500 Internal Server Error in 69ms (ActiveRecord: 0.0ms)

SyntaxError (c:/Users/conve/Documents/ruby-rails/bookstore/app/views/books/index.html.erb:6: syntax error, unexpected '='
...ead More', book_path(1), class="btn btn-primary" );@output_b...
...                               ^):
  app/views/books/index.html.erb:6: syntax error, unexpected '='


  Rendered c:/RailsInstaller/Ruby2.2.0/lib/ruby/gems/2.2.0/gems/actionpack-4.2.5.1/lib/action_dispatch/middleware/templates/rescues/_source.erb (1.0ms)
  Rendered c:/RailsInstaller/Ruby2.2.0/lib/ruby/gems/2.2.0/gems/actionpack-4.2.5.1/lib/action_dispatch/middleware/templates/rescues/_trace.html.erb (4.5ms)
  Rendered c:/RailsInstaller/Ruby2.2.0/lib/ruby/gems/2.2.0/gems/actionpack-4.2.5.1/lib/action_dispatch/middleware/templates/rescues/_request_and_response.html.erb (1.0ms)
  Rendered c:/RailsInstaller/Ruby2.2.0/lib/ruby/gems/2.2.0/gems/actionpack-4.2.5.1/lib/action_dispatch/middleware/templates/rescues/diagnostics.html.erb within rescues/layout (1193.5ms)
  Rendered c:/RailsInstaller/Ruby2.2.0/lib/ruby/gems/2.2.0/gems/web-console-2.3.0/lib/web_console/templates/_markup.html.erb (1.0ms)
  Rendered c:/RailsInstaller/Ruby2.2.0/lib/ruby/gems/2.2.0/gems/web-console-2.3.0/lib/web_console/templates/_inner_console_markup.html.erb within layouts/inlined_string (0.0ms)
  Rendered c:/RailsInstaller/Ruby2.2.0/lib/ruby/gems/2.2.0/gems/web-console-2.3.0/lib/web_console/templates/_prompt_box_markup.html.erb within layouts/inlined_string (0.5ms)
  Rendered c:/RailsInstaller/Ruby2.2.0/lib/ruby/gems/2.2.0/gems/web-console-2.3.0/lib/web_console/templates/style.css.erb within layouts/inlined_string (0.0ms)
  Rendered c:/RailsInstaller/Ruby2.2.0/lib/ruby/gems/2.2.0/gems/web-console-2.3.0/lib/web_console/templates/console.js.erb within layouts/javascript (1115.2ms)
  Rendered c:/RailsInstaller/Ruby2.2.0/lib/ruby/gems/2.2.0/gems/web-console-2.3.0/lib/web_console/templates/main.js.erb within layouts/javascript (1.0ms)
  Rendered c:/RailsInstaller/Ruby2.2.0/lib/ruby/gems/2.2.0/gems/web-console-2.3.0/lib/web_console/templates/error_page.js.erb within layouts/javascript (1.0ms)
  Rendered c:/RailsInstaller/Ruby2.2.0/lib/ruby/gems/2.2.0/gems/web-console-2.3.0/lib/web_console/templates/index.html.erb (2526.9ms)


Started GET "/" for ::1 at 2017-02-08 23:03:17 -0600
Processing by BooksController#index as HTML
  Rendered books/index.html.erb within layouts/application (1.0ms)
Completed 500 Internal Server Error in 66ms (ActiveRecord: 0.0ms)

SyntaxError (c:/Users/conve/Documents/ruby-rails/bookstore/app/views/books/index.html.erb:6: syntax error, unexpected '='
...ead More', book_path(1), class='btn btn-primary' );@output_b...
...                               ^):
  app/views/books/index.html.erb:6: syntax error, unexpected '='


  Rendered c:/RailsInstaller/Ruby2.2.0/lib/ruby/gems/2.2.0/gems/actionpack-4.2.5.1/lib/action_dispatch/middleware/templates/rescues/_source.erb (0.5ms)
  Rendered c:/RailsInstaller/Ruby2.2.0/lib/ruby/gems/2.2.0/gems/actionpack-4.2.5.1/lib/action_dispatch/middleware/templates/rescues/_trace.html.erb (4.5ms)
  Rendered c:/RailsInstaller/Ruby2.2.0/lib/ruby/gems/2.2.0/gems/actionpack-4.2.5.1/lib/action_dispatch/middleware/templates/rescues/_request_and_response.html.erb (1.0ms)
  Rendered c:/RailsInstaller/Ruby2.2.0/lib/ruby/gems/2.2.0/gems/actionpack-4.2.5.1/lib/action_dispatch/middleware/templates/rescues/diagnostics.html.erb within rescues/layout (1173.2ms)
  Rendered c:/RailsInstaller/Ruby2.2.0/lib/ruby/gems/2.2.0/gems/web-console-2.3.0/lib/web_console/templates/_markup.html.erb (0.5ms)
  Rendered c:/RailsInstaller/Ruby2.2.0/lib/ruby/gems/2.2.0/gems/web-console-2.3.0/lib/web_console/templates/_inner_console_markup.html.erb within layouts/inlined_string (0.0ms)
  Rendered c:/RailsInstaller/Ruby2.2.0/lib/ruby/gems/2.2.0/gems/web-console-2.3.0/lib/web_console/templates/_prompt_box_markup.html.erb within layouts/inlined_string (0.0ms)
  Rendered c:/RailsInstaller/Ruby2.2.0/lib/ruby/gems/2.2.0/gems/web-console-2.3.0/lib/web_console/templates/style.css.erb within layouts/inlined_string (0.5ms)
  Rendered c:/RailsInstaller/Ruby2.2.0/lib/ruby/gems/2.2.0/gems/web-console-2.3.0/lib/web_console/templates/console.js.erb within layouts/javascript (1082.6ms)
  Rendered c:/RailsInstaller/Ruby2.2.0/lib/ruby/gems/2.2.0/gems/web-console-2.3.0/lib/web_console/templates/main.js.erb within layouts/javascript (0.5ms)
  Rendered c:/RailsInstaller/Ruby2.2.0/lib/ruby/gems/2.2.0/gems/web-console-2.3.0/lib/web_console/templates/error_page.js.erb within layouts/javascript (0.5ms)
  Rendered c:/RailsInstaller/Ruby2.2.0/lib/ruby/gems/2.2.0/gems/web-console-2.3.0/lib/web_console/templates/index.html.erb (2520.4ms)


Started GET "/" for ::1 at 2017-02-08 23:03:44 -0600
Processing by BooksController#index as HTML
  Rendered books/index.html.erb within layouts/application (3.0ms)
  Rendered partials/_sidebar.html.erb (0.0ms)
Completed 200 OK in 129ms (Views: 128.5ms | ActiveRecord: 0.0ms)


Started GET "/" for ::1 at 2017-02-08 23:03:54 -0600
Processing by BooksController#index as HTML
  Rendered books/index.html.erb within layouts/application (2.5ms)
  Rendered partials/_sidebar.html.erb (0.0ms)
Completed 200 OK in 133ms (Views: 132.5ms | ActiveRecord: 0.0ms)


Started GET "/" for ::1 at 2017-02-08 23:04:50 -0600
Processing by BooksController#index as HTML
  Rendered books/index.html.erb within layouts/application (8.5ms)
  Rendered partials/_sidebar.html.erb (0.0ms)
Completed 200 OK in 138ms (Views: 137.6ms | ActiveRecord: 0.0ms)


Started GET "/assets/cover2-417c8c49410b88c94c09ab875e552e9650a60c4eaacb8e9dc093fa1993dbdda7.jpg" for ::1 at 2017-02-08 23:04:51 -0600


Started GET "/assets/cover3-530660cdfd1fb5cd9703229491ae04b5c2b6e504910ee8c77e38e18c37517b37.jpg" for ::1 at 2017-02-08 23:04:51 -0600


Started GET "/" for ::1 at 2017-02-08 23:06:21 -0600
Processing by BooksController#index as HTML
  Rendered books/index.html.erb within layouts/application (12.0ms)
  Rendered partials/_sidebar.html.erb (0.0ms)
Completed 200 OK in 140ms (Views: 139.5ms | ActiveRecord: 0.0ms)


Started GET "/assets/cover4-7819272ebc8d4488bc07019cacdb1abaf21df14a97f2363a7a3b839149ae224a.jpg" for ::1 at 2017-02-08 23:06:21 -0600


Started GET "/assets/cover5-6a702930034743584dcb3138a0f0ee4f8a101c661e8131b675e3e227e204aa19.jpg" for ::1 at 2017-02-08 23:06:21 -0600


Started GET "/" for ::1 at 2017-02-08 23:07:19 -0600
Processing by BooksController#index as HTML
  Rendered books/index.html.erb within layouts/application (16.5ms)
  Rendered partials/_sidebar.html.erb (0.0ms)
Completed 200 OK in 260ms (Views: 259.4ms | ActiveRecord: 0.0ms)


Started GET "/assets/application.self-34593bacfb0efea67755a20fb218b49931edf15db8f1b85f079a7566ecf93c51.css?body=1" for ::1 at 2017-02-08 23:07:19 -0600


Started GET "/" for ::1 at 2017-02-08 23:07:21 -0600
Processing by BooksController#index as HTML
  Rendered books/index.html.erb within layouts/application (15.0ms)
  Rendered partials/_sidebar.html.erb (0.0ms)
Completed 200 OK in 162ms (Views: 161.4ms | ActiveRecord: 0.0ms)


Started GET "/" for ::1 at 2017-02-08 23:07:53 -0600
Processing by BooksController#index as HTML
  Rendered books/index.html.erb within layouts/application (13.0ms)
  Rendered partials/_sidebar.html.erb (0.0ms)
Completed 200 OK in 143ms (Views: 143.1ms | ActiveRecord: 0.0ms)


Started GET "/" for ::1 at 2017-02-08 23:09:44 -0600
Processing by BooksController#index as HTML
  Rendered books/index.html.erb within layouts/application (16.5ms)
  Rendered partials/_sidebar.html.erb (0.0ms)
Completed 200 OK in 214ms (Views: 213.5ms | ActiveRecord: 0.0ms)


Started GET "/assets/application.self-bd85c3996fef5b3050b5897841101394af197c6ade2f4887fce3a8e4fbde729c.css?body=1" for ::1 at 2017-02-08 23:09:44 -0600


Started GET "/" for ::1 at 2017-02-08 23:09:52 -0600
Processing by BooksController#index as HTML
  Rendered books/index.html.erb within layouts/application (9.5ms)
  Rendered partials/_sidebar.html.erb (0.0ms)
Completed 200 OK in 156ms (Views: 155.7ms | ActiveRecord: 0.0ms)


Started GET "/" for ::1 at 2017-02-08 23:10:27 -0600
Processing by BooksController#index as HTML
  Rendered books/index.html.erb within layouts/application (12.0ms)
  Rendered partials/_sidebar.html.erb (0.0ms)
Completed 200 OK in 191ms (Views: 191.2ms | ActiveRecord: 0.0ms)


Started GET "/assets/application.self-b97a40dd0d98dd766c1d35d64e6b5f49a4ffff4fd42d2c00ff5cfe2b3e8ebb7d.css?body=1" for ::1 at 2017-02-08 23:10:27 -0600


Started GET "/" for ::1 at 2017-02-08 23:11:30 -0600
Processing by BooksController#index as HTML
  Rendered books/index.html.erb within layouts/application (13.0ms)
  Rendered partials/_sidebar.html.erb (0.5ms)
Completed 200 OK in 216ms (Views: 215.3ms | ActiveRecord: 0.0ms)


Started GET "/assets/application.self-fb756ec62c1d53700de82ae46bd5bb51a7449e916d343b7a6cb873456c1e90a9.css?body=1" for ::1 at 2017-02-08 23:11:30 -0600


Started GET "/" for ::1 at 2017-02-08 23:12:05 -0600
Processing by BooksController#index as HTML
  Rendered books/index.html.erb within layouts/application (13.0ms)
  Rendered partials/_sidebar.html.erb (0.0ms)
Completed 200 OK in 199ms (Views: 199.1ms | ActiveRecord: 0.0ms)


Started GET "/assets/application.self-d3099d0a33d7a9174dd0c41fafca87520f7d11cf0da6955d6a1b7b2acc71c274.css?body=1" for ::1 at 2017-02-08 23:12:05 -0600


Started GET "/" for ::1 at 2017-02-08 23:13:35 -0600
Processing by BooksController#index as HTML
  Rendered books/index.html.erb within layouts/application (13.5ms)
  Rendered partials/_sidebar.html.erb (0.5ms)
Completed 200 OK in 164ms (Views: 163.4ms | ActiveRecord: 0.0ms)


Started GET "/" for ::1 at 2017-02-08 23:14:44 -0600
Processing by BooksController#index as HTML
  Rendered books/index.html.erb within layouts/application (11.5ms)
  Rendered partials/_sidebar.html.erb (1.5ms)
Completed 500 Internal Server Error in 154ms (ActiveRecord: 0.0ms)

SyntaxError (c:/Users/conve/Documents/ruby-rails/bookstore/app/views/partials/_sidebar.html.erb:13: syntax error, unexpected ==
...  'books' %% params[:action] == 'index' || params[:action] =...
...                               ^
c:/Users/conve/Documents/ruby-rails/bookstore/app/views/partials/_sidebar.html.erb:22: syntax error, unexpected keyword_ensure, expecting end-of-input):
  app/views/partials/_sidebar.html.erb:13: syntax error, unexpected ==
  app/views/partials/_sidebar.html.erb:22: syntax error, unexpected keyword_ensure, expecting end-of-input
  app/views/layouts/application.html.erb:57:in `_app_views_layouts_application_html_erb___912745927_73464528'


  Rendered c:/RailsInstaller/Ruby2.2.0/lib/ruby/gems/2.2.0/gems/actionpack-4.2.5.1/lib/action_dispatch/middleware/templates/rescues/_source.erb (1.0ms)
  Rendered c:/RailsInstaller/Ruby2.2.0/lib/ruby/gems/2.2.0/gems/actionpack-4.2.5.1/lib/action_dispatch/middleware/templates/rescues/_trace.html.erb (5.0ms)
  Rendered c:/RailsInstaller/Ruby2.2.0/lib/ruby/gems/2.2.0/gems/actionpack-4.2.5.1/lib/action_dispatch/middleware/templates/rescues/_request_and_response.html.erb (1.0ms)
  Rendered c:/RailsInstaller/Ruby2.2.0/lib/ruby/gems/2.2.0/gems/actionpack-4.2.5.1/lib/action_dispatch/middleware/templates/rescues/diagnostics.html.erb within rescues/layout (1269.6ms)
  Rendered c:/RailsInstaller/Ruby2.2.0/lib/ruby/gems/2.2.0/gems/web-console-2.3.0/lib/web_console/templates/_markup.html.erb (0.5ms)
  Rendered c:/RailsInstaller/Ruby2.2.0/lib/ruby/gems/2.2.0/gems/web-console-2.3.0/lib/web_console/templates/_inner_console_markup.html.erb within layouts/inlined_string (0.5ms)
  Rendered c:/RailsInstaller/Ruby2.2.0/lib/ruby/gems/2.2.0/gems/web-console-2.3.0/lib/web_console/templates/_prompt_box_markup.html.erb within layouts/inlined_string (0.0ms)
  Rendered c:/RailsInstaller/Ruby2.2.0/lib/ruby/gems/2.2.0/gems/web-console-2.3.0/lib/web_console/templates/style.css.erb within layouts/inlined_string (0.5ms)
  Rendered c:/RailsInstaller/Ruby2.2.0/lib/ruby/gems/2.2.0/gems/web-console-2.3.0/lib/web_console/templates/console.js.erb within layouts/javascript (1132.3ms)
  Rendered c:/RailsInstaller/Ruby2.2.0/lib/ruby/gems/2.2.0/gems/web-console-2.3.0/lib/web_console/templates/main.js.erb within layouts/javascript (0.5ms)
  Rendered c:/RailsInstaller/Ruby2.2.0/lib/ruby/gems/2.2.0/gems/web-console-2.3.0/lib/web_console/templates/error_page.js.erb within layouts/javascript (0.5ms)
  Rendered c:/RailsInstaller/Ruby2.2.0/lib/ruby/gems/2.2.0/gems/web-console-2.3.0/lib/web_console/templates/index.html.erb (2628.8ms)


Started GET "/" for ::1 at 2017-02-08 23:15:04 -0600
Processing by BooksController#index as HTML
  Rendered books/index.html.erb within layouts/application (9.6ms)
  Rendered partials/_sidebar.html.erb (0.0ms)
Completed 200 OK in 140ms (Views: 139.2ms | ActiveRecord: 0.0ms)
